c:\users\fenxy\documents\openframeworks\apps\myapps\proj279\proj279\obj\release\b2collideedge.obj
c:\users\fenxy\documents\openframeworks\apps\myapps\proj279\proj279\obj\release\b2draw.obj
c:\users\fenxy\documents\openframeworks\apps\myapps\proj279\proj279\obj\release\b2stackallocator.obj
c:\users\fenxy\documents\openframeworks\apps\myapps\proj279\proj279\obj\release\b2worldcallbacks.obj
c:\users\fenxy\documents\openframeworks\apps\myapps\proj279\proj279\obj\release\b2polygonandcirclecontact.obj
c:\users\fenxy\documents\openframeworks\apps\myapps\proj279\proj279\obj\release\b2prismaticjoint.obj
c:\users\fenxy\documents\openframeworks\apps\myapps\proj279\proj279\obj\release\characterdescription.obj
c:\users\fenxy\documents\openframeworks\apps\myapps\proj279\proj279\obj\release\b2timeofimpact.obj
c:\users\fenxy\documents\openframeworks\apps\myapps\proj279\proj279\obj\release\b2math.obj
c:\users\fenxy\documents\openframeworks\apps\myapps\proj279\proj279\obj\release\b2timer.obj
c:\users\fenxy\documents\openframeworks\apps\myapps\proj279\proj279\obj\release\b2chainandpolygoncontact.obj
c:\users\fenxy\documents\openframeworks\apps\myapps\proj279\proj279\obj\release\b2distancejoint.obj
c:\users\fenxy\documents\openframeworks\apps\myapps\proj279\proj279\obj\release\b2revolutejoint.obj
c:\users\fenxy\documents\openframeworks\apps\myapps\proj279\proj279\obj\release\trajectory.obj
c:\users\fenxy\documents\openframeworks\apps\myapps\proj279\proj279\obj\release\myb2draw.obj
c:\users\fenxy\documents\openframeworks\apps\myapps\proj279\proj279\obj\release\b2collision.obj
c:\users\fenxy\documents\openframeworks\apps\myapps\proj279\proj279\obj\release\b2chainshape.obj
c:\users\fenxy\documents\openframeworks\apps\myapps\proj279\proj279\obj\release\b2contactmanager.obj
c:\users\fenxy\documents\openframeworks\apps\myapps\proj279\proj279\obj\release\b2contact.obj
c:\users\fenxy\documents\openframeworks\apps\myapps\proj279\proj279\obj\release\b2joint.obj
c:\users\fenxy\documents\openframeworks\apps\myapps\proj279\proj279\obj\release\character.obj
c:\users\fenxy\documents\openframeworks\apps\myapps\proj279\proj279\obj\release\myb2listeners.obj
c:\users\fenxy\documents\openframeworks\apps\myapps\proj279\proj279\obj\release\b2broadphase.obj
c:\users\fenxy\documents\openframeworks\apps\myapps\proj279\proj279\obj\release\b2island.obj
c:\users\fenxy\documents\openframeworks\apps\myapps\proj279\proj279\obj\release\b2edgeandcirclecontact.obj
c:\users\fenxy\documents\openframeworks\apps\myapps\proj279\proj279\obj\release\b2gearjoint.obj
c:\users\fenxy\documents\openframeworks\apps\myapps\proj279\proj279\obj\release\b2weldjoint.obj
c:\users\fenxy\documents\openframeworks\apps\myapps\proj279\proj279\obj\release\worldoracle.obj
c:\users\fenxy\documents\openframeworks\apps\myapps\proj279\proj279\obj\release\b2collidepolygon.obj
c:\users\fenxy\documents\openframeworks\apps\myapps\proj279\proj279\obj\release\b2circleshape.obj
c:\users\fenxy\documents\openframeworks\apps\myapps\proj279\proj279\obj\release\b2body.obj
c:\users\fenxy\documents\openframeworks\apps\myapps\proj279\proj279\obj\release\b2circlecontact.obj
c:\users\fenxy\documents\openframeworks\apps\myapps\proj279\proj279\obj\release\b2frictionjoint.obj
c:\users\fenxy\documents\openframeworks\apps\myapps\proj279\proj279\obj\release\b2ropejoint.obj
c:\users\fenxy\documents\openframeworks\apps\myapps\proj279\proj279\obj\release\twolinkik.obj
c:\users\fenxy\documents\openframeworks\apps\myapps\proj279\proj279\obj\release\ofapp.obj
c:\users\fenxy\documents\openframeworks\apps\myapps\proj279\proj279\obj\release\b2distance.obj
c:\users\fenxy\documents\openframeworks\apps\myapps\proj279\proj279\obj\release\b2blockallocator.obj
c:\users\fenxy\documents\openframeworks\apps\myapps\proj279\proj279\obj\release\b2settings.obj
c:\users\fenxy\documents\openframeworks\apps\myapps\proj279\proj279\obj\release\b2chainandcirclecontact.obj
c:\users\fenxy\documents\openframeworks\apps\myapps\proj279\proj279\obj\release\b2edgeandpolygoncontact.obj
c:\users\fenxy\documents\openframeworks\apps\myapps\proj279\proj279\obj\release\b2motorjoint.obj
c:\users\fenxy\documents\openframeworks\apps\myapps\proj279\proj279\obj\release\b2wheeljoint.obj
c:\users\fenxy\documents\openframeworks\apps\myapps\proj279\proj279\obj\release\main.obj
c:\users\fenxy\documents\openframeworks\apps\myapps\proj279\proj279\obj\release\b2dynamictree.obj
c:\users\fenxy\documents\openframeworks\apps\myapps\proj279\proj279\obj\release\b2edgeshape.obj
c:\users\fenxy\documents\openframeworks\apps\myapps\proj279\proj279\obj\release\b2world.obj
c:\users\fenxy\documents\openframeworks\apps\myapps\proj279\proj279\obj\release\b2polygoncontact.obj
c:\users\fenxy\documents\openframeworks\apps\myapps\proj279\proj279\obj\release\b2pulleyjoint.obj
c:\users\fenxy\documents\openframeworks\apps\myapps\proj279\proj279\obj\release\editiblewalk.obj
c:\users\fenxy\documents\openframeworks\apps\myapps\proj279\proj279\obj\release\b2collidecircle.obj
c:\users\fenxy\documents\openframeworks\apps\myapps\proj279\proj279\obj\release\b2polygonshape.obj
c:\users\fenxy\documents\openframeworks\apps\myapps\proj279\proj279\obj\release\b2fixture.obj
c:\users\fenxy\documents\openframeworks\apps\myapps\proj279\proj279\obj\release\b2contactsolver.obj
c:\users\fenxy\documents\openframeworks\apps\myapps\proj279\proj279\obj\release\b2mousejoint.obj
c:\users\fenxy\documents\openframeworks\apps\myapps\proj279\proj279\obj\release\b2rope.obj
c:\users\fenxy\documents\openframeworks\apps\myapps\proj279\proj279\obj\release\controller.obj
c:\users\fenxy\documents\openframeworks\apps\myapps\proj279\proj279\obj\release\vc140.pdb
c:\users\fenxy\documents\openframeworks\apps\myapps\proj279\proj279\bin\proj279.exe
c:\users\fenxy\documents\openframeworks\apps\myapps\proj279\proj279\bin\proj279.lib
c:\users\fenxy\documents\openframeworks\apps\myapps\proj279\proj279\bin\proj279.exp
c:\users\fenxy\documents\openframeworks\apps\myapps\proj279\proj279\obj\release\icon.res
c:\users\fenxy\documents\openframeworks\apps\myapps\proj279\proj279\obj\release\proj279.vcxprojresolveassemblyreference.cache
c:\users\fenxy\documents\openframeworks\apps\myapps\proj279\proj279\obj\release\proj279.tlog\cl.command.1.tlog
c:\users\fenxy\documents\openframeworks\apps\myapps\proj279\proj279\obj\release\proj279.tlog\cl.read.1.tlog
c:\users\fenxy\documents\openframeworks\apps\myapps\proj279\proj279\obj\release\proj279.tlog\cl.write.1.tlog
c:\users\fenxy\documents\openframeworks\apps\myapps\proj279\proj279\obj\release\proj279.tlog\link.command.1.tlog
c:\users\fenxy\documents\openframeworks\apps\myapps\proj279\proj279\obj\release\proj279.tlog\link.read.1.tlog
c:\users\fenxy\documents\openframeworks\apps\myapps\proj279\proj279\obj\release\proj279.tlog\link.write.1.tlog
c:\users\fenxy\documents\openframeworks\apps\myapps\proj279\proj279\obj\release\proj279.tlog\proj279.write.1u.tlog
c:\users\fenxy\documents\openframeworks\apps\myapps\proj279\proj279\obj\release\proj279.tlog\rc.command.1.tlog
c:\users\fenxy\documents\openframeworks\apps\myapps\proj279\proj279\obj\release\proj279.tlog\rc.read.1.tlog
c:\users\fenxy\documents\openframeworks\apps\myapps\proj279\proj279\obj\release\proj279.tlog\rc.write.1.tlog
