c:\users\fenxy\documents\openframeworks\apps\myapps\proj279\proj279\obj\debug\b2collision.obj
c:\users\fenxy\documents\openframeworks\apps\myapps\proj279\proj279\obj\debug\b2circleshape.obj
c:\users\fenxy\documents\openframeworks\apps\myapps\proj279\proj279\obj\debug\b2contactmanager.obj
c:\users\fenxy\documents\openframeworks\apps\myapps\proj279\proj279\obj\debug\b2circlecontact.obj
c:\users\fenxy\documents\openframeworks\apps\myapps\proj279\proj279\obj\debug\b2frictionjoint.obj
c:\users\fenxy\documents\openframeworks\apps\myapps\proj279\proj279\obj\debug\b2ropejoint.obj
c:\users\fenxy\documents\openframeworks\apps\myapps\proj279\proj279\obj\debug\b2broadphase.obj
c:\users\fenxy\documents\openframeworks\apps\myapps\proj279\proj279\obj\debug\b2world.obj
c:\users\fenxy\documents\openframeworks\apps\myapps\proj279\proj279\obj\debug\b2polygoncontact.obj
c:\users\fenxy\documents\openframeworks\apps\myapps\proj279\proj279\obj\debug\b2pulleyjoint.obj
c:\users\fenxy\documents\openframeworks\apps\myapps\proj279\proj279\obj\debug\b2distance.obj
c:\users\fenxy\documents\openframeworks\apps\myapps\proj279\proj279\obj\debug\b2draw.obj
c:\users\fenxy\documents\openframeworks\apps\myapps\proj279\proj279\obj\debug\b2stackallocator.obj
c:\users\fenxy\documents\openframeworks\apps\myapps\proj279\proj279\obj\debug\b2worldcallbacks.obj
c:\users\fenxy\documents\openframeworks\apps\myapps\proj279\proj279\obj\debug\b2edgeandcirclecontact.obj
c:\users\fenxy\documents\openframeworks\apps\myapps\proj279\proj279\obj\debug\b2motorjoint.obj
c:\users\fenxy\documents\openframeworks\apps\myapps\proj279\proj279\obj\debug\b2wheeljoint.obj
c:\users\fenxy\documents\openframeworks\apps\myapps\proj279\proj279\obj\debug\b2collidepolygon.obj
c:\users\fenxy\documents\openframeworks\apps\myapps\proj279\proj279\obj\debug\b2edgeshape.obj
c:\users\fenxy\documents\openframeworks\apps\myapps\proj279\proj279\obj\debug\b2timer.obj
c:\users\fenxy\documents\openframeworks\apps\myapps\proj279\proj279\obj\debug\b2chainandpolygoncontact.obj
c:\users\fenxy\documents\openframeworks\apps\myapps\proj279\proj279\obj\debug\b2distancejoint.obj
c:\users\fenxy\documents\openframeworks\apps\myapps\proj279\proj279\obj\debug\b2revolutejoint.obj
c:\users\fenxy\documents\openframeworks\apps\myapps\proj279\proj279\obj\debug\b2collidecircle.obj
c:\users\fenxy\documents\openframeworks\apps\myapps\proj279\proj279\obj\debug\b2chainshape.obj
c:\users\fenxy\documents\openframeworks\apps\myapps\proj279\proj279\obj\debug\b2fixture.obj
c:\users\fenxy\documents\openframeworks\apps\myapps\proj279\proj279\obj\debug\b2contactsolver.obj
c:\users\fenxy\documents\openframeworks\apps\myapps\proj279\proj279\obj\debug\b2gearjoint.obj
c:\users\fenxy\documents\openframeworks\apps\myapps\proj279\proj279\obj\debug\b2weldjoint.obj
c:\users\fenxy\documents\openframeworks\apps\myapps\proj279\proj279\obj\debug\b2collideedge.obj
c:\users\fenxy\documents\openframeworks\apps\myapps\proj279\proj279\obj\debug\b2blockallocator.obj
c:\users\fenxy\documents\openframeworks\apps\myapps\proj279\proj279\obj\debug\b2settings.obj
c:\users\fenxy\documents\openframeworks\apps\myapps\proj279\proj279\obj\debug\b2chainandcirclecontact.obj
c:\users\fenxy\documents\openframeworks\apps\myapps\proj279\proj279\obj\debug\b2edgeandpolygoncontact.obj
c:\users\fenxy\documents\openframeworks\apps\myapps\proj279\proj279\obj\debug\b2prismaticjoint.obj
c:\users\fenxy\documents\openframeworks\apps\myapps\proj279\proj279\obj\debug\b2dynamictree.obj
c:\users\fenxy\documents\openframeworks\apps\myapps\proj279\proj279\obj\debug\b2polygonshape.obj
c:\users\fenxy\documents\openframeworks\apps\myapps\proj279\proj279\obj\debug\b2island.obj
c:\users\fenxy\documents\openframeworks\apps\myapps\proj279\proj279\obj\debug\b2polygonandcirclecontact.obj
c:\users\fenxy\documents\openframeworks\apps\myapps\proj279\proj279\obj\debug\b2mousejoint.obj
c:\users\fenxy\documents\openframeworks\apps\myapps\proj279\proj279\obj\debug\b2rope.obj
c:\users\fenxy\documents\openframeworks\apps\myapps\proj279\proj279\obj\debug\b2timeofimpact.obj
c:\users\fenxy\documents\openframeworks\apps\myapps\proj279\proj279\obj\debug\b2math.obj
c:\users\fenxy\documents\openframeworks\apps\myapps\proj279\proj279\obj\debug\b2body.obj
c:\users\fenxy\documents\openframeworks\apps\myapps\proj279\proj279\obj\debug\b2contact.obj
c:\users\fenxy\documents\openframeworks\apps\myapps\proj279\proj279\obj\debug\b2joint.obj
c:\users\fenxy\documents\openframeworks\apps\myapps\proj279\proj279\obj\debug\characterdescription.obj
c:\users\fenxy\documents\openframeworks\apps\myapps\proj279\proj279\obj\debug\character.obj
c:\users\fenxy\documents\openframeworks\apps\myapps\proj279\proj279\obj\debug\ofapp.obj
c:\users\fenxy\documents\openframeworks\apps\myapps\proj279\proj279\obj\debug\myb2draw.obj
c:\users\fenxy\documents\openframeworks\apps\myapps\proj279\proj279\obj\debug\main.obj
c:\users\fenxy\documents\openframeworks\apps\myapps\proj279\proj279\obj\debug\twolinkik.obj
c:\users\fenxy\documents\openframeworks\apps\myapps\proj279\proj279\obj\debug\world.obj
c:\users\fenxy\documents\openframeworks\apps\myapps\proj279\proj279\obj\debug\trajectory.obj
c:\users\fenxy\documents\openframeworks\apps\myapps\proj279\proj279\obj\debug\controller.obj
c:\users\fenxy\documents\openframeworks\apps\myapps\proj279\proj279\obj\debug\vc140.pdb
c:\users\fenxy\documents\openframeworks\apps\myapps\proj279\proj279\bin\proj279_debug.ilk
c:\users\fenxy\documents\openframeworks\apps\myapps\proj279\proj279\bin\proj279_debug.exe
c:\users\fenxy\documents\openframeworks\apps\myapps\proj279\proj279\bin\proj279_debug.pdb
c:\users\fenxy\documents\openframeworks\apps\myapps\proj279\proj279\bin\proj279_debug.lib
c:\users\fenxy\documents\openframeworks\apps\myapps\proj279\proj279\bin\proj279_debug.exp
c:\users\fenxy\documents\openframeworks\apps\myapps\proj279\proj279\obj\debug\icon.res
c:\users\fenxy\documents\openframeworks\apps\myapps\proj279\proj279\obj\debug\proj279.vcxprojresolveassemblyreference.cache
c:\users\fenxy\documents\openframeworks\apps\myapps\proj279\proj279\obj\debug\proj279.tlog\cl.command.1.tlog
c:\users\fenxy\documents\openframeworks\apps\myapps\proj279\proj279\obj\debug\proj279.tlog\cl.read.1.tlog
c:\users\fenxy\documents\openframeworks\apps\myapps\proj279\proj279\obj\debug\proj279.tlog\cl.write.1.tlog
c:\users\fenxy\documents\openframeworks\apps\myapps\proj279\proj279\obj\debug\proj279.tlog\link-cvtres.read.1.tlog
c:\users\fenxy\documents\openframeworks\apps\myapps\proj279\proj279\obj\debug\proj279.tlog\link-cvtres.write.1.tlog
c:\users\fenxy\documents\openframeworks\apps\myapps\proj279\proj279\obj\debug\proj279.tlog\link-rc.read.1.tlog
c:\users\fenxy\documents\openframeworks\apps\myapps\proj279\proj279\obj\debug\proj279.tlog\link-rc.write.1.tlog
c:\users\fenxy\documents\openframeworks\apps\myapps\proj279\proj279\obj\debug\proj279.tlog\link.7600-cvtres.read.1.tlog
c:\users\fenxy\documents\openframeworks\apps\myapps\proj279\proj279\obj\debug\proj279.tlog\link.7600-cvtres.write.1.tlog
c:\users\fenxy\documents\openframeworks\apps\myapps\proj279\proj279\obj\debug\proj279.tlog\link.7600-rc.read.1.tlog
c:\users\fenxy\documents\openframeworks\apps\myapps\proj279\proj279\obj\debug\proj279.tlog\link.7600-rc.write.1.tlog
c:\users\fenxy\documents\openframeworks\apps\myapps\proj279\proj279\obj\debug\proj279.tlog\link.7600.read.1.tlog
c:\users\fenxy\documents\openframeworks\apps\myapps\proj279\proj279\obj\debug\proj279.tlog\link.7600.write.1.tlog
c:\users\fenxy\documents\openframeworks\apps\myapps\proj279\proj279\obj\debug\proj279.tlog\link.command.1.tlog
c:\users\fenxy\documents\openframeworks\apps\myapps\proj279\proj279\obj\debug\proj279.tlog\link.read.1.tlog
c:\users\fenxy\documents\openframeworks\apps\myapps\proj279\proj279\obj\debug\proj279.tlog\link.write.1.tlog
c:\users\fenxy\documents\openframeworks\apps\myapps\proj279\proj279\obj\debug\proj279.tlog\proj279.write.1u.tlog
c:\users\fenxy\documents\openframeworks\apps\myapps\proj279\proj279\obj\debug\proj279.tlog\rc.command.1.tlog
c:\users\fenxy\documents\openframeworks\apps\myapps\proj279\proj279\obj\debug\proj279.tlog\rc.read.1.tlog
c:\users\fenxy\documents\openframeworks\apps\myapps\proj279\proj279\obj\debug\proj279.tlog\rc.write.1.tlog
